###############################################################
#  Generated by:      Cadence Innovus 19.17-s077_1
#  OS:                Linux x86_64(Host ID ieng6-ece-04.ucsd.edu)
#  Generated on:      Sun Mar 19 01:54:00 2023
#  Design:            fullchip
#  Command:           verifyGeometry
###############################################################

SHORT: Regular Via of Net n22108 & Blockage of Cell FE_RC_506_0  ( M1 )
Bounds : ( 667.250, 304.710 ) ( 667.350, 304.890 )


SHORT: Regular Via of Net n44748 & Blockage of Cell U33482  ( M1 )
Bounds : ( 144.050, 352.510 ) ( 144.150, 352.690 )


SHORT: Regular Via of Net n23855 & Blockage of Cell U35714  ( M1 )
Bounds : ( 739.810, 372.300 ) ( 739.990, 372.400 )


SHORT: Regular Via of Net n24081 & Blockage of Cell U35630  ( M1 )
Bounds : ( 704.780, 459.220 ) ( 705.020, 459.320 )


EndOfLine: Regular Via of Net n24154 & Pin of Cell U35851  ( M1 )
Bounds : ( 743.755, 414.310 ) ( 743.850, 414.315 )
Actual:     0.095     Min:     0.11     Type: End Of Line ParallelEdge  SameNetGap 


EndOfLine: Regular Via of Net n24154 & Blockage of Cell U35851  ( M1 )
Bounds : ( 743.850, 414.420 ) ( 743.950, 414.515 )
Actual:     0.095     Min:     0.11     Type: End Of Line


SHORT: Regular Via of Net n14139 & Blockage of Cell U15535  ( M1 )
Bounds : ( 379.410, 660.300 ) ( 379.590, 660.400 )


SHORT: Regular Via of Net n15024 & Blockage of Cell FE_RC_487_0  ( M1 )
Bounds : ( 416.450, 661.110 ) ( 416.550, 661.290 )


SHORT: Regular Via of Net n15268 & Blockage of Cell U15573  ( M1 )
Bounds : ( 468.650, 697.910 ) ( 468.750, 698.090 )


SHORT: Regular Via of Net n16299 & Blockage of Cell U29210  ( M1 )
Bounds : ( 577.650, 648.110 ) ( 577.750, 648.290 )



Begin Summary ...
  Cells       : 0
  SameNet     : 0
  Wiring      : 2
  Antenna     : 0
  Short       : 8
  Overlap     : 0
End Summary

  Total Violations : 10 Viols.
