###############################################################
#  Generated by:      Cadence Innovus 19.17-s077_1
#  OS:                Linux x86_64(Host ID ieng6-ece-06.ucsd.edu)
#  Generated on:      Mon Mar 13 15:52:01 2023
#  Design:            fullchip
#  Command:           checkPinAssignment
###############################################################

Start Checking pins of top cell: [fullchip] 
Summary report for top level: [fullchip] 
	Total Pins                         : 536
	Legally Assigned Pins              : 536
End of Summary report
End Checking pins of top cell: [fullchip] 


===========================================================================================================================
                                                checkPinAssignment Summary
===========================================================================================================================
Partition   | pads  | pins   | legal  | illegal | internal | internal illegal | FT     | FT illegal | constant | unplaced |
===========================================================================================================================
fullchip    |     0 |    536 |    536 |       0 |        0 |                0 |      0 |          0 |        0 |        0 |
===========================================================================================================================
TOTAL       |     0 |    536 |    536 |       0 |        0 |                0 |      0 |          0 |        0 |        0 |
===========================================================================================================================
